<?xml version="1.0" encoding="UTF-8"?>
<!-- Generated by org.testng.reporters.JUnitReportReporter -->
<testsuite hostname="knoldus-Latitude-3520" failures="0" tests="4" name="DDTF.WordPressLogin" time="27.314" errors="0" timestamp="2021-12-21T20:20:52 IST" skipped="0">
  <testcase classname="DDTF.WordPressLogin" name="loginToWordPress" time="6.404"/>
  <system-out/>
  <testcase classname="DDTF.WordPressLogin" name="loginToWordPress" time="7.728"/>
  <system-out/>
  <testcase classname="DDTF.WordPressLogin" name="loginToWordPress" time="6.687"/>
  <system-out/>
  <testcase classname="DDTF.WordPressLogin" name="loginToWordPress" time="6.495"/>
  <system-out/>
</testsuite> <!-- DDTF.WordPressLogin -->
